\BOOKMARK [-1][-]{part.1}{I Introduction and Background}{}% 1
\BOOKMARK [0][-]{chapter.1}{Introduction}{part.1}% 2
\BOOKMARK [1][-]{section.1.1}{High Performance Computing}{chapter.1}% 3
\BOOKMARK [1][-]{section.1.2}{Climate modelling}{chapter.1}% 4
\BOOKMARK [1][-]{section.1.3}{Aims and Objectives}{chapter.1}% 5
\BOOKMARK [1][-]{section.1.4}{Hypotheses}{chapter.1}% 6
\BOOKMARK [1][-]{section.1.5}{Contributions}{chapter.1}% 7
\BOOKMARK [0][-]{chapter.2}{Climate modelling}{part.1}% 8
\BOOKMARK [1][-]{section.2.1}{The Isca climate model}{chapter.2}% 9
\BOOKMARK [2][-]{subsection.2.1.1}{Global Circulation Model}{section.2.1}% 10
\BOOKMARK [2][-]{subsection.2.1.2}{Domain decomposition}{section.2.1}% 11
\BOOKMARK [2][-]{subsection.2.1.3}{Fast Fourier Transform}{section.2.1}% 12
\BOOKMARK [2][-]{subsection.2.1.4}{The Fastest Fourier Transform in the West}{section.2.1}% 13
\BOOKMARK [1][-]{section.2.2}{Software architecture}{chapter.2}% 14
\BOOKMARK [2][-]{subsection.2.2.1}{General overview}{section.2.2}% 15
\BOOKMARK [2][-]{subsection.2.2.2}{Dependencies}{section.2.2}% 16
\BOOKMARK [0][-]{chapter.3}{HPC hardware and parallel processing}{part.1}% 17
\BOOKMARK [1][-]{section.3.1}{Parallel processing}{chapter.3}% 18
\BOOKMARK [2][-]{subsection.3.1.1}{Flynn's Taxonomy}{section.3.1}% 19
\BOOKMARK [2][-]{subsection.3.1.2}{Instruction-level parallelism \(SIMD\)}{section.3.1}% 20
\BOOKMARK [2][-]{subsection.3.1.3}{Distributed-memory parallelism \(MIMD\)}{section.3.1}% 21
\BOOKMARK [1][-]{section.3.2}{HPC clusters}{chapter.3}% 22
\BOOKMARK [2][-]{subsection.3.2.1}{BlueCrystal phase 3}{section.3.2}% 23
\BOOKMARK [2][-]{subsection.3.2.2}{BlueCrystal phase 4}{section.3.2}% 24
\BOOKMARK [2][-]{subsection.3.2.3}{BluePebble}{section.3.2}% 25
\BOOKMARK [2][-]{subsection.3.2.4}{Isambard}{section.3.2}% 26
\BOOKMARK [0][-]{chapter.4}{Benchmarking and performance analysis}{part.1}% 27
\BOOKMARK [1][-]{section.4.1}{Cluster benchmarks}{chapter.4}% 28
\BOOKMARK [2][-]{subsection.4.1.1}{STREAM TRIAD}{section.4.1}% 29
\BOOKMARK [2][-]{subsection.4.1.2}{High Performance Linpack}{section.4.1}% 30
\BOOKMARK [1][-]{section.4.2}{Application benchmarking}{chapter.4}% 31
\BOOKMARK [2][-]{subsection.4.2.1}{Performance metrics}{section.4.2}% 32
\BOOKMARK [1][-]{section.4.3}{Summary}{chapter.4}% 33
\BOOKMARK [0][-]{chapter.5}{Porting}{part.1}% 34
\BOOKMARK [1][-]{section.5.1}{Compilers and MPI libraries}{chapter.5}% 35
\BOOKMARK [2][-]{subsection.5.1.1}{GNU Compiler Collection}{section.5.1}% 36
\BOOKMARK [2][-]{subsection.5.1.2}{Intel Compiler Collection}{section.5.1}% 37
\BOOKMARK [2][-]{subsection.5.1.3}{Cray Compiling Environment}{section.5.1}% 38
\BOOKMARK [2][-]{subsection.5.1.4}{Discussion}{section.5.1}% 39
\BOOKMARK [1][-]{section.5.2}{Cluster feedback}{chapter.5}% 40
\BOOKMARK [2][-]{subsection.5.2.1}{Stack size}{section.5.2}% 41
\BOOKMARK [2][-]{subsection.5.2.2}{Strict processor enforcement}{section.5.2}% 42
\BOOKMARK [1][-]{section.5.3}{Libraries and dependencies}{chapter.5}% 43
\BOOKMARK [1][-]{section.5.4}{Development tools}{chapter.5}% 44
\BOOKMARK [1][-]{section.5.5}{Verification of results}{chapter.5}% 45
\BOOKMARK [2][-]{subsection.5.5.1}{Units of last place}{section.5.5}% 46
\BOOKMARK [2][-]{subsection.5.5.2}{Program verification}{section.5.5}% 47
\BOOKMARK [1][-]{section.5.6}{Summary}{chapter.5}% 48
\BOOKMARK [-1][-]{part.2}{II Benchmarking, performance analysis and optimisation}{}% 49
\BOOKMARK [0][-]{chapter.6}{Experimental Methodology}{part.2}% 50
\BOOKMARK [1][-]{section.6.1}{Model configurations}{chapter.6}% 51
\BOOKMARK [2][-]{subsection.6.1.1}{Held-Suarez test case}{section.6.1}% 52
\BOOKMARK [2][-]{subsection.6.1.2}{Grey-Mars test case}{section.6.1}% 53
\BOOKMARK [2][-]{subsection.6.1.3}{Domain decomposition}{section.6.1}% 54
\BOOKMARK [1][-]{section.6.2}{Automated data collection}{chapter.6}% 55
\BOOKMARK [2][-]{subsection.6.2.1}{Job submission}{section.6.2}% 56
\BOOKMARK [1][-]{section.6.3}{Experiments}{chapter.6}% 57
\BOOKMARK [2][-]{subsection.6.3.1}{Experiment A: Scaling study}{section.6.3}% 58
\BOOKMARK [2][-]{subsection.6.3.2}{Experiment B: Compiler comparison}{section.6.3}% 59
\BOOKMARK [2][-]{subsection.6.3.3}{Experiment C: Vectorisation analysis}{section.6.3}% 60
\BOOKMARK [2][-]{subsection.6.3.4}{Experiment D: Computation rate}{section.6.3}% 61
\BOOKMARK [2][-]{subsection.6.3.5}{Experiment E: Communication analysis}{section.6.3}% 62
\BOOKMARK [2][-]{subsection.6.3.6}{Experiment F: Runtime variation}{section.6.3}% 63
\BOOKMARK [2][-]{subsection.6.3.7}{Experiment G: Roofline analysis}{section.6.3}% 64
\BOOKMARK [1][-]{section.6.4}{Summary}{chapter.6}% 65
\BOOKMARK [0][-]{chapter.7}{Results}{part.2}% 66
\BOOKMARK [1][-]{section.7.1}{Experiment A: Scaling study}{chapter.7}% 67
\BOOKMARK [2][-]{subsection.7.1.1}{Results}{section.7.1}% 68
\BOOKMARK [2][-]{subsection.7.1.2}{Conclusions and discussion}{section.7.1}% 69
\BOOKMARK [1][-]{section.7.2}{Experiment B: Compiler comparison}{chapter.7}% 70
\BOOKMARK [2][-]{subsection.7.2.1}{Results}{section.7.2}% 71
\BOOKMARK [2][-]{subsection.7.2.2}{Conclusions and discussion}{section.7.2}% 72
\BOOKMARK [1][-]{section.7.3}{Experiment C: Vectorisation analysis}{chapter.7}% 73
\BOOKMARK [2][-]{subsection.7.3.1}{Results}{section.7.3}% 74
\BOOKMARK [2][-]{subsection.7.3.2}{Conclusions and discussion}{section.7.3}% 75
\BOOKMARK [1][-]{section.7.4}{Experiment D: Computation rate}{chapter.7}% 76
\BOOKMARK [2][-]{subsection.7.4.1}{Results}{section.7.4}% 77
\BOOKMARK [2][-]{subsection.7.4.2}{Conclusions and discussion}{section.7.4}% 78
\BOOKMARK [1][-]{section.7.5}{Experiment E: Communication analysis}{chapter.7}% 79
\BOOKMARK [2][-]{subsection.7.5.1}{Results}{section.7.5}% 80
\BOOKMARK [2][-]{subsection.7.5.2}{Conclusions and discussion}{section.7.5}% 81
\BOOKMARK [1][-]{section.7.6}{Experiment F: Runtime variation}{chapter.7}% 82
\BOOKMARK [2][-]{subsection.7.6.1}{Results}{section.7.6}% 83
\BOOKMARK [2][-]{subsection.7.6.2}{Conclusions and discussion}{section.7.6}% 84
\BOOKMARK [1][-]{section.7.7}{Experiment G: Roofline model analysis}{chapter.7}% 85
\BOOKMARK [2][-]{subsection.7.7.1}{Conclusions and discussion}{section.7.7}% 86
\BOOKMARK [1][-]{section.7.8}{Summary}{chapter.7}% 87
\BOOKMARK [0][-]{chapter.8}{Optimisation}{part.2}% 88
\BOOKMARK [1][-]{section.8.1}{Optimisation A: Fast Fourier Transform}{chapter.8}% 89
\BOOKMARK [2][-]{subsection.8.1.1}{Implementation}{section.8.1}% 90
\BOOKMARK [2][-]{subsection.8.1.2}{Verification of results}{section.8.1}% 91
\BOOKMARK [2][-]{subsection.8.1.3}{Performance analysis}{section.8.1}% 92
\BOOKMARK [1][-]{section.8.2}{Optimisation B: Single-precision floating point numbers}{chapter.8}% 93
\BOOKMARK [2][-]{subsection.8.2.1}{Implementation}{section.8.2}% 94
\BOOKMARK [2][-]{subsection.8.2.2}{Performance analysis}{section.8.2}% 95
\BOOKMARK [2][-]{subsection.8.2.3}{Conclusions and discussion}{section.8.2}% 96
\BOOKMARK [2][-]{subsection.8.2.4}{Verification of results}{section.8.2}% 97
\BOOKMARK [1][-]{section.8.3}{FFTW with single-precision variables}{chapter.8}% 98
\BOOKMARK [2][-]{subsection.8.3.1}{Methodology}{section.8.3}% 99
\BOOKMARK [2][-]{subsection.8.3.2}{Results}{section.8.3}% 100
\BOOKMARK [2][-]{subsection.8.3.3}{Conclusions and discussion}{section.8.3}% 101
\BOOKMARK [1][-]{section.8.4}{Summary}{chapter.8}% 102
\BOOKMARK [0][-]{chapter.9}{Performance projection}{part.2}% 103
\BOOKMARK [1][-]{section.9.1}{Hardware performance estimation}{chapter.9}% 104
\BOOKMARK [2][-]{subsection.9.1.1}{Floating point performance}{section.9.1}% 105
\BOOKMARK [2][-]{subsection.9.1.2}{Memory-bandwidth}{section.9.1}% 106
\BOOKMARK [1][-]{section.9.2}{Isca performance estimation}{chapter.9}% 107
\BOOKMARK [2][-]{subsection.9.2.1}{Scalar estimation}{section.9.2}% 108
\BOOKMARK [2][-]{subsection.9.2.2}{Vector estimation}{section.9.2}% 109
\BOOKMARK [2][-]{subsection.9.2.3}{Results}{section.9.2}% 110
\BOOKMARK [1][-]{section.9.3}{Conclusion}{chapter.9}% 111
\BOOKMARK [-1][-]{part.3}{III Reflection, Critical Evaluation and Conclusion}{}% 112
\BOOKMARK [0][-]{chapter.10}{Reflection}{part.3}% 113
\BOOKMARK [1][-]{section.10.1}{The Fortran programming language}{chapter.10}% 114
\BOOKMARK [1][-]{section.10.2}{Compilation of the model}{chapter.10}% 115
\BOOKMARK [1][-]{section.10.3}{Data collection}{chapter.10}% 116
\BOOKMARK [1][-]{section.10.4}{Learning points}{chapter.10}% 117
\BOOKMARK [0][-]{chapter.11}{Critical evaluation and conclusion}{part.3}% 118
\BOOKMARK [1][-]{section.11.1}{Areas of improvement}{chapter.11}% 119
\BOOKMARK [1][-]{section.11.2}{Conclusion}{chapter.11}% 120
\BOOKMARK [1][-]{section.11.3}{Further work}{chapter.11}% 121
\BOOKMARK [2][-]{subsection.11.3.1}{Scaling}{section.11.3}% 122
\BOOKMARK [2][-]{subsection.11.3.2}{Comparison with other models}{section.11.3}% 123
\BOOKMARK [2][-]{subsection.11.3.3}{Software architecture}{section.11.3}% 124
\BOOKMARK [2][-]{subsection.11.3.4}{Model configurations}{section.11.3}% 125
\BOOKMARK [2][-]{subsection.11.3.5}{Performance projection}{section.11.3}% 126
\BOOKMARK [2][-]{subsection.11.3.6}{Catalyst}{section.11.3}% 127
\BOOKMARK [0][-]{subsection.11.3.6}{Bibliography}{part.3}% 128
\BOOKMARK [0][-]{appendix.A}{Porting code changes}{part.3}% 129
\BOOKMARK [0][-]{appendix.B}{Code listings}{part.3}% 130
\BOOKMARK [0][-]{appendix.C}{Compile environment scripts}{part.3}% 131
\BOOKMARK [0][-]{appendix.D}{Job submission scripts}{part.3}% 132
