\BOOKMARK [-1][-]{part.1}{I Introduction and Background}{}% 1
\BOOKMARK [0][-]{chapter.1}{Introduction}{part.1}% 2
\BOOKMARK [1][-]{section.1.1}{High Performance Computing}{chapter.1}% 3
\BOOKMARK [1][-]{section.1.2}{Aims and Objectives}{chapter.1}% 4
\BOOKMARK [1][-]{section.1.3}{Contributions}{chapter.1}% 5
\BOOKMARK [1][-]{section.1.4}{Heading}{chapter.1}% 6
\BOOKMARK [0][-]{chapter.2}{A background on climate modelling}{part.1}% 7
\BOOKMARK [1][-]{section.2.1}{The Isca climate model}{chapter.2}% 8
\BOOKMARK [2][-]{subsection.2.1.1}{Global Circulation Model \(GCM\)}{section.2.1}% 9
\BOOKMARK [2][-]{subsection.2.1.2}{Domain decomposition}{section.2.1}% 10
\BOOKMARK [2][-]{subsection.2.1.3}{Fast Fourier Transform \(FFT\)}{section.2.1}% 11
\BOOKMARK [1][-]{section.2.2}{Software architecture}{chapter.2}% 12
\BOOKMARK [2][-]{subsection.2.2.1}{General overview}{section.2.2}% 13
\BOOKMARK [2][-]{subsection.2.2.2}{Dependencies}{section.2.2}% 14
\BOOKMARK [2][-]{subsection.2.2.3}{Fortran Libraries}{section.2.2}% 15
\BOOKMARK [2][-]{subsection.2.2.4}{Python Libraries}{section.2.2}% 16
\BOOKMARK [0][-]{chapter.3}{A background on HPC hardware and parallel processing}{part.1}% 17
\BOOKMARK [1][-]{section.3.1}{Parallel processing}{chapter.3}% 18
\BOOKMARK [2][-]{subsection.3.1.1}{Flynns Taxonomy}{section.3.1}% 19
\BOOKMARK [2][-]{subsection.3.1.2}{Instruction-level parallelism \(SIMD\)}{section.3.1}% 20
\BOOKMARK [2][-]{subsection.3.1.3}{Message passing}{section.3.1}% 21
\BOOKMARK [2][-]{subsection.3.1.4}{Hardware}{section.3.1}% 22
\BOOKMARK [1][-]{section.3.2}{HPC clusters}{chapter.3}% 23
\BOOKMARK [2][-]{subsection.3.2.1}{BlueCrystal phase 3 \(BCP3\)}{section.3.2}% 24
\BOOKMARK [2][-]{subsection.3.2.2}{BlueCrystal phase 4 \(BCP4\)}{section.3.2}% 25
\BOOKMARK [2][-]{subsection.3.2.3}{BluePebble \(BP\)}{section.3.2}% 26
\BOOKMARK [2][-]{subsection.3.2.4}{Isambard}{section.3.2}% 27
\BOOKMARK [0][-]{chapter.4}{A background on benchmarking}{part.1}% 28
\BOOKMARK [1][-]{section.4.1}{Cluster benchmarks}{chapter.4}% 29
\BOOKMARK [2][-]{subsection.4.1.1}{STREAM TRIAD}{section.4.1}% 30
\BOOKMARK [2][-]{subsection.4.1.2}{High Performance Linpack \(HPLinpack\)}{section.4.1}% 31
\BOOKMARK [1][-]{section.4.2}{Application benchmarking}{chapter.4}% 32
\BOOKMARK [2][-]{subsection.4.2.1}{Performance metrics}{section.4.2}% 33
\BOOKMARK [0][-]{chapter.5}{Porting}{part.1}% 34
\BOOKMARK [1][-]{section.5.1}{Compilers and MPI libraries}{chapter.5}% 35
\BOOKMARK [2][-]{subsection.5.1.1}{GNU Compiler Collection \(GCC\)}{section.5.1}% 36
\BOOKMARK [2][-]{subsection.5.1.2}{Intel Compiler Collection \(ICC\)}{section.5.1}% 37
\BOOKMARK [2][-]{subsection.5.1.3}{Cray Compiling Environment \(CCE\)}{section.5.1}% 38
\BOOKMARK [1][-]{section.5.2}{Libraries etc}{chapter.5}% 39
\BOOKMARK [1][-]{section.5.3}{BlueCrystal phase 3}{chapter.5}% 40
\BOOKMARK [1][-]{section.5.4}{Discussion}{chapter.5}% 41
\BOOKMARK [1][-]{section.5.5}{BluePebble}{chapter.5}% 42
\BOOKMARK [2][-]{subsection.5.5.1}{Building modules}{section.5.5}% 43
\BOOKMARK [2][-]{subsection.5.5.2}{Build Tools}{section.5.5}% 44
\BOOKMARK [1][-]{section.5.6}{Issues}{chapter.5}% 45
\BOOKMARK [1][-]{section.5.7}{Isambard}{chapter.5}% 46
\BOOKMARK [2][-]{subsection.5.7.1}{GNU Compiler Collection}{section.5.7}% 47
\BOOKMARK [2][-]{subsection.5.7.2}{Ambiguous arithmetic}{section.5.7}% 48
\BOOKMARK [2][-]{subsection.5.7.3}{Modifications to codebase}{section.5.7}% 49
\BOOKMARK [1][-]{section.5.8}{Verification of results}{chapter.5}% 50
\BOOKMARK [2][-]{subsection.5.8.1}{Units of last place}{section.5.8}% 51
\BOOKMARK [2][-]{subsection.5.8.2}{Rounding errors}{section.5.8}% 52
\BOOKMARK [2][-]{subsection.5.8.3}{Application}{section.5.8}% 53
\BOOKMARK [-1][-]{part.2}{II Benchmarking, performance analysis and optimisation}{}% 54
\BOOKMARK [0][-]{chapter.6}{Benchmarking and Performance Analysis}{part.2}% 55
\BOOKMARK [1][-]{section.6.1}{Model configurations}{chapter.6}% 56
\BOOKMARK [2][-]{subsection.6.1.1}{Held-Suarez test case}{section.6.1}% 57
\BOOKMARK [2][-]{subsection.6.1.2}{Grey-Mars test case}{section.6.1}% 58
\BOOKMARK [2][-]{subsection.6.1.3}{Domain decomposition}{section.6.1}% 59
\BOOKMARK [1][-]{section.6.2}{Automated data collection}{chapter.6}% 60
\BOOKMARK [2][-]{subsection.6.2.1}{Job submission}{section.6.2}% 61
\BOOKMARK [1][-]{section.6.3}{Scaling study}{chapter.6}% 62
\BOOKMARK [2][-]{subsection.6.3.1}{Results and discussion}{section.6.3}% 63
\BOOKMARK [2][-]{subsection.6.3.2}{Conclusions}{section.6.3}% 64
\BOOKMARK [1][-]{section.6.4}{Compiler comparison}{chapter.6}% 65
\BOOKMARK [1][-]{section.6.5}{Communication analysis}{chapter.6}% 66
\BOOKMARK [1][-]{section.6.6}{Performance projection}{chapter.6}% 67
\BOOKMARK [0][-]{chapter.7}{Optimisation}{part.2}% 68
\BOOKMARK [1][-]{section.7.1}{Roofline model analysis}{chapter.7}% 69
\BOOKMARK [2][-]{subsection.7.1.1}{Isca performance}{section.7.1}% 70
\BOOKMARK [1][-]{section.7.2}{FFT optimisation}{chapter.7}% 71
\BOOKMARK [2][-]{subsection.7.2.1}{FFTW}{section.7.2}% 72
\BOOKMARK [1][-]{section.7.3}{Floating point precision}{chapter.7}% 73
\BOOKMARK [2][-]{subsection.7.3.1}{Methodology}{section.7.3}% 74
\BOOKMARK [2][-]{subsection.7.3.2}{Results}{section.7.3}% 75
\BOOKMARK [2][-]{subsection.7.3.3}{Discussion}{section.7.3}% 76
\BOOKMARK [1][-]{section.7.4}{Load imbalance}{chapter.7}% 77
\BOOKMARK [2][-]{subsection.7.4.1}{Vector Instructions}{section.7.4}% 78
\BOOKMARK [1][-]{section.7.5}{Memory Leaks}{chapter.7}% 79
\BOOKMARK [1][-]{section.7.6}{Conclusions}{chapter.7}% 80
\BOOKMARK [-1][-]{part.3}{III Reflection and Critical Analysis}{}% 81
\BOOKMARK [0][-]{chapter.8}{Reflection and Critical Analysis}{part.3}% 82
\BOOKMARK [0][-]{appendix.A}{Porting code changes}{part.3}% 83
\BOOKMARK [1][-]{section.A.1}{Isambard}{appendix.A}% 84
\BOOKMARK [2][-]{subsection.A.2.1}{Error 1}{section.A.1}% 85
\BOOKMARK [2][-]{subsection.A.2.2}{Error 2}{section.A.1}% 86
\BOOKMARK [0][-]{appendix.B}{Code listings}{part.3}% 87
\BOOKMARK [1][-]{section.B.1}{Grid to Fourier subroutine}{appendix.B}% 88
\BOOKMARK [1][-]{section.B.3}{Program to time FFT}{appendix.B}% 89
\BOOKMARK [0][-]{appendix.C}{Job submission scripts}{part.3}% 90
\BOOKMARK [1][-]{section.C.1}{BCP3 \(PBS\)}{appendix.C}% 91
\BOOKMARK [1][-]{section.C.3}{BluePebble \(PBS Pro\)}{appendix.C}% 92
\BOOKMARK [1][-]{section.C.5}{Isambard \(PBS Pro\)}{appendix.C}% 93
\BOOKMARK [1][-]{section.C.7}{BCP4 \(SLURM\)}{appendix.C}% 94
